0 info it worked if it ends with ok
1 verbose cli [ 'node', '/usr/local/bin/npm', 'publish' ]
2 info using npm@2.0.0
3 info using node@v0.11.14
4 verbose publish [ '.' ]
5 verbose cache add [ '.', null ]
6 verbose cache add spec="." args=[".",null]
7 verbose parsed spec { raw: '.',
7 verbose parsed spec   scope: null,
7 verbose parsed spec   name: null,
7 verbose parsed spec   rawSpec: '.',
7 verbose parsed spec   spec: '/Users/arthur/Documents/aiota-master',
7 verbose parsed spec   type: 'local' }
8 verbose cache add local package /Users/arthur/Documents/aiota-master
9 silly lockFile 3a52ce78- .
10 verbose lock . /Users/arthur/.npm/3a52ce78-.lock
11 verbose tar pack [ '/Users/arthur/.npm/aiota/0.2.23/package.tgz', '.' ]
12 verbose tarball /Users/arthur/.npm/aiota/0.2.23/package.tgz
13 verbose folder .
14 info prepublish aiota@0.2.23
15 silly lockFile 1f1177db-tar tar://.
16 verbose lock tar://. /Users/arthur/.npm/1f1177db-tar.lock
17 silly lockFile 81f305e5-hur-npm-aiota-0-2-23-package-tgz tar:///Users/arthur/.npm/aiota/0.2.23/package.tgz
18 verbose lock tar:///Users/arthur/.npm/aiota/0.2.23/package.tgz /Users/arthur/.npm/81f305e5-hur-npm-aiota-0-2-23-package-tgz.lock
19 silly lockFile 1f1177db-tar tar://.
20 silly lockFile 1f1177db-tar tar://.
21 silly lockFile 81f305e5-hur-npm-aiota-0-2-23-package-tgz tar:///Users/arthur/.npm/aiota/0.2.23/package.tgz
22 silly lockFile 81f305e5-hur-npm-aiota-0-2-23-package-tgz tar:///Users/arthur/.npm/aiota/0.2.23/package.tgz
23 silly lockFile 614e64e6--arthur-npm-aiota-0-2-23-package /Users/arthur/.npm/aiota/0.2.23/package
24 verbose lock /Users/arthur/.npm/aiota/0.2.23/package /Users/arthur/.npm/614e64e6--arthur-npm-aiota-0-2-23-package.lock
25 silly lockFile 614e64e6--arthur-npm-aiota-0-2-23-package /Users/arthur/.npm/aiota/0.2.23/package
26 silly lockFile 614e64e6--arthur-npm-aiota-0-2-23-package /Users/arthur/.npm/aiota/0.2.23/package
27 silly lockFile 3a52ce78- .
28 silly lockFile 3a52ce78- .
29 silly publish { name: 'aiota',
29 silly publish   preferGlobal: 'true',
29 silly publish   description: 'Another Internet of Things Architecture (AIoTA)',
29 silly publish   version: '0.2.23',
29 silly publish   author: { name: 'Arthur Viegers', email: 'arthur@mongodb.com' },
29 silly publish   contributors:
29 silly publish    [ { name: 'AIoTA Team',
29 silly publish        email: 'arthur@mongodb.com,pattyn.kurt@gmail.com' } ],
29 silly publish   licenses: [ { type: 'MIT', url: 'https://github.com/aiota/master/LICENSE' } ],
29 silly publish   repository: { type: 'git', url: 'https://github.com/aiota/master.git' },
29 silly publish   keywords: [ 'iot' ],
29 silly publish   dependencies:
29 silly publish    { 'aiota-ingestion': '>=0.0.1',
29 silly publish      'aiota-longpolling': '>=0.0.1',
29 silly publish      'aiota-register': '>=0.0.1',
29 silly publish      'aiota-session': '>=0.0.1',
29 silly publish      'forever-monitor': '>=1.5.2' },
29 silly publish   bin: { aiota: './bin/aiota' },
29 silly publish   main: './lib/aiota',
29 silly publish   engines: { node: '>=0.11.14', npm: '>=2.0.0' },
29 silly publish   bugs: { url: 'https://github.com/iota/issues' },
29 silly publish   readme: '# Another Internet of Things Architecture (AIoTA)\n\nA generic Internet of Things Platform.\n\n## Installation\n\n``` bash\n$ [sudo] npm install aiota -g\n```\n',
29 silly publish   readmeFilename: 'README.md',
29 silly publish   gitHead: '28a0628b390d44f208a293b777c04af00e263ddc',
29 silly publish   homepage: 'https://github.com/aiota/master',
29 silly publish   _id: 'aiota@0.2.23',
29 silly publish   scripts: {},
29 silly publish   _shasum: '1c795800f83d0f00614144eb83c0f0ed0bb85d60',
29 silly publish   _from: '.' }
30 verbose mapToRegistry name aiota
31 verbose mapToRegistry uri https://registry.npmjs.org/aiota
32 verbose publish registryBase https://registry.npmjs.org/
33 verbose request on initialization, where is /aiota
34 verbose request after pass 1, where is /aiota
35 verbose request url raw /aiota
36 verbose request resolving registry [ 'https://registry.npmjs.org/', './aiota' ]
37 verbose request after pass 2, where is https://registry.npmjs.org/aiota
38 verbose request sending authorization for write operation
39 info attempt registry request try #1 at 16:14:27
40 verbose request id 241c08e117f45437
41 http request PUT https://registry.npmjs.org/aiota
42 http 403 https://registry.npmjs.org/aiota
43 verbose headers { date: 'Thu, 27 Nov 2014 15:14:28 GMT',
43 verbose headers   server: 'CouchDB/1.5.0 (Erlang OTP/R16B03)',
43 verbose headers   'content-type': 'application/json',
43 verbose headers   'cache-control': 'max-age=60',
43 verbose headers   'content-length': '3118',
43 verbose headers   'accept-ranges': 'bytes',
43 verbose headers   via: '1.1 varnish',
43 verbose headers   'x-served-by': 'cache-ams4126-AMS',
43 verbose headers   'x-cache': 'MISS',
43 verbose headers   'x-cache-hits': '0',
43 verbose headers   'x-timer': 'S1417101267.854421,VS0,VE171',
43 verbose headers   connection: 'close' }
44 error publish Failed PUT 403
45 verbose stack Error: forbidden cannot modify pre-existing version: 0.2.23
45 verbose stack old={"name":"aiota","preferGlobal":"true","description":"Another Internet of Things Architecture (AIoTA)","version":"0.2.23","author":{"name":"Arthur Viegers","email":"arthur@mongodb.com"},"contributors":[{"name":"AIoTA Team","email":"arthur@mongodb.com,pattyn.kurt@gmail.com"}],"licenses":[{"type":"MIT","url":"https://github.com/aiota/master/LICENSE"}],"repository":{"type":"git","url":"https://github.com/aiota/master.git"},"keywords":["iot"],"dependencies":{"aiota-ingestion":">=0.0.1","aiota-longpolling":">=0.0.1","aiota-register":">=0.0.1","aiota-session":">=0.0.1","forever-monitor":">=1.5.2"},"bin":{"aiota":"./bin/aiota"},"main":"./lib/aiota","engines":{"node":">=0.11.14","npm":">=2.0.0"},"bugs":{"url":"https://github.com/iota/issues"},"gitHead":"9d2f36498cf3484b866ae5c0f113d1d9870a9a9c","homepage":"https://github.com/aiota/master","_id":"aiota@0.2.23","scripts":{},"_shasum":"5c4bcc8ac6471d253f92ec78db49e87b544346ce","_from":".","_npmVersion":"2.0.0","_npmUser":{"name":"arthur.viegers","email":"arthur@mongodb.com"},"maintainers":[{"name":"arthur.viegers","email":"arthur@mongodb.com"}],"dist":{"shasum":"5c4bcc8ac6471d253f92ec78db49e87b544346ce","tarball":"http://registry.npmjs.org/aiota/-/aiota-0.2.23.tgz"}}
45 verbose stack new={"name":"aiota","preferGlobal":"true","description":"Another Internet of Things Architecture (AIoTA)","version":"0.2.23","author":{"name":"Arthur Viegers","email":"arthur@mongodb.com"},"contributors":[{"name":"AIoTA Team","email":"arthur@mongodb.com,pattyn.kurt@gmail.com"}],"licenses":[{"type":"MIT","url":"https://github.com/aiota/master/LICENSE"}],"repository":{"type":"git","url":"https://github.com/aiota/master.git"},"keywords":["iot"],"dependencies":{"aiota-ingestion":">=0.0.1","aiota-longpolling":">=0.0.1","aiota-register":">=0.0.1","aiota-session":">=0.0.1","forever-monitor":">=1.5.2"},"bin":{"aiota":"./bin/aiota"},"main":"./lib/aiota","engines":{"node":">=0.11.14","npm":">=2.0.0"},"bugs":{"url":"https://github.com/iota/issues"},"readme":"# Another Internet of Things Architecture (AIoTA)\u000a\u000aA generic Internet of Things Platform.\u000a\u000a## Installation\u000a\u000a``` bash\u000a$ [sudo] npm install aiota -g\u000a```\u000a","readmeFilename":"README.md","gitHead":"28a0628b390d44f208a293b777c04af00e263ddc","homepage":"https://github.com/aiota/master","_id":"aiota@0.2.23","scripts":{},"_shasum":"1c795800f83d0f00614144eb83c0f0ed0bb85d60","_from":".","_npmVersion":"2.0.0","_npmUser":{"name":"arthur.viegers","email":"arthur@mongodb.com"},"maintainers":[{"name":"arthur.viegers","email":"arthur@mongodb.com"}],"dist":{"shasum":"1c795800f83d0f00614144eb83c0f0ed0bb85d60","tarball":"http://registry.npmjs.org/aiota/-/aiota-0.2.23.tgz"}}: aiota
45 verbose stack     at RegClient.<anonymous> (/usr/local/lib/node_modules/npm/node_modules/npm-registry-client/lib/request.js:261:14)
45 verbose stack     at Request._callback (/usr/local/lib/node_modules/npm/node_modules/npm-registry-client/lib/request.js:198:65)
45 verbose stack     at Request.self.callback (/usr/local/lib/node_modules/npm/node_modules/request/request.js:236:22)
45 verbose stack     at Request.emit (events.js:110:17)
45 verbose stack     at Request.<anonymous> (/usr/local/lib/node_modules/npm/node_modules/request/request.js:1142:14)
45 verbose stack     at Request.emit (events.js:129:20)
45 verbose stack     at IncomingMessage.<anonymous> (/usr/local/lib/node_modules/npm/node_modules/request/request.js:1096:12)
45 verbose stack     at IncomingMessage.emit (events.js:129:20)
45 verbose stack     at _stream_readable.js:907:16
45 verbose stack     at process._tickCallback (node.js:372:11)
46 verbose statusCode 403
47 verbose pkgid aiota
48 verbose cwd /Users/arthur/Documents/aiota-master
49 error Darwin 14.0.0
50 error argv "node" "/usr/local/bin/npm" "publish"
51 error node v0.11.14
52 error npm  v2.0.0
53 error code E403
54 error forbidden cannot modify pre-existing version: 0.2.23
54 error old={"name":"aiota","preferGlobal":"true","description":"Another Internet of Things Architecture (AIoTA)","version":"0.2.23","author":{"name":"Arthur Viegers","email":"arthur@mongodb.com"},"contributors":[{"name":"AIoTA Team","email":"arthur@mongodb.com,pattyn.kurt@gmail.com"}],"licenses":[{"type":"MIT","url":"https://github.com/aiota/master/LICENSE"}],"repository":{"type":"git","url":"https://github.com/aiota/master.git"},"keywords":["iot"],"dependencies":{"aiota-ingestion":">=0.0.1","aiota-longpolling":">=0.0.1","aiota-register":">=0.0.1","aiota-session":">=0.0.1","forever-monitor":">=1.5.2"},"bin":{"aiota":"./bin/aiota"},"main":"./lib/aiota","engines":{"node":">=0.11.14","npm":">=2.0.0"},"bugs":{"url":"https://github.com/iota/issues"},"gitHead":"9d2f36498cf3484b866ae5c0f113d1d9870a9a9c","homepage":"https://github.com/aiota/master","_id":"aiota@0.2.23","scripts":{},"_shasum":"5c4bcc8ac6471d253f92ec78db49e87b544346ce","_from":".","_npmVersion":"2.0.0","_npmUser":{"name":"arthur.viegers","email":"arthur@mongodb.com"},"maintainers":[{"name":"arthur.viegers","email":"arthur@mongodb.com"}],"dist":{"shasum":"5c4bcc8ac6471d253f92ec78db49e87b544346ce","tarball":"http://registry.npmjs.org/aiota/-/aiota-0.2.23.tgz"}}
54 error new={"name":"aiota","preferGlobal":"true","description":"Another Internet of Things Architecture (AIoTA)","version":"0.2.23","author":{"name":"Arthur Viegers","email":"arthur@mongodb.com"},"contributors":[{"name":"AIoTA Team","email":"arthur@mongodb.com,pattyn.kurt@gmail.com"}],"licenses":[{"type":"MIT","url":"https://github.com/aiota/master/LICENSE"}],"repository":{"type":"git","url":"https://github.com/aiota/master.git"},"keywords":["iot"],"dependencies":{"aiota-ingestion":">=0.0.1","aiota-longpolling":">=0.0.1","aiota-register":">=0.0.1","aiota-session":">=0.0.1","forever-monitor":">=1.5.2"},"bin":{"aiota":"./bin/aiota"},"main":"./lib/aiota","engines":{"node":">=0.11.14","npm":">=2.0.0"},"bugs":{"url":"https://github.com/iota/issues"},"readme":"# Another Internet of Things Architecture (AIoTA)\u000a\u000aA generic Internet of Things Platform.\u000a\u000a## Installation\u000a\u000a``` bash\u000a$ [sudo] npm install aiota -g\u000a```\u000a","readmeFilename":"README.md","gitHead":"28a0628b390d44f208a293b777c04af00e263ddc","homepage":"https://github.com/aiota/master","_id":"aiota@0.2.23","scripts":{},"_shasum":"1c795800f83d0f00614144eb83c0f0ed0bb85d60","_from":".","_npmVersion":"2.0.0","_npmUser":{"name":"arthur.viegers","email":"arthur@mongodb.com"},"maintainers":[{"name":"arthur.viegers","email":"arthur@mongodb.com"}],"dist":{"shasum":"1c795800f83d0f00614144eb83c0f0ed0bb85d60","tarball":"http://registry.npmjs.org/aiota/-/aiota-0.2.23.tgz"}}: aiota
55 error If you need help, you may report this error at:
55 error     <http://github.com/npm/npm/issues>
56 verbose exit [ 1, true ]
